Using pre-set license
Built from '2020.3/release' branch; Version is '2020.3.15f2 (6cf78cb77498) revision 7141260'; Using compiler version '192528614'; Build Type 'Release'
OS: 'Windows 10 Pro; OS build 19044.1766; Version 2009; 64bit' Language: 'es' Physical Memory: 14269 MB
BatchMode: 1, IsHumanControllingUs: 0, StartBugReporterOnCrash: 0, Is64bit: 1, IsPro: 0

 COMMAND LINE ARGUMENTS:
C:\Program Files\Unity\Hub\Editor\2020.3.15f2\Editor\Unity.exe
-adb2
-batchMode
-noUpm
-name
AssetImportWorker0
-projectPath
C:/Users/Usuario/Documents/GitHub/Trabajo Practico IA/TP-IA-2/TP IA Steering
-logFile
Logs/AssetImportWorker0.log
-srvPort
60541
Successfully changed project path to: C:/Users/Usuario/Documents/GitHub/Trabajo Practico IA/TP-IA-2/TP IA Steering
C:/Users/Usuario/Documents/GitHub/Trabajo Practico IA/TP-IA-2/TP IA Steering
Using Asset Import Pipeline V2.
Refreshing native plugins compatible for Editor in 40.93 ms, found 2 plugins.
Preloading 0 native plugins for Editor in 0.00 ms.
Initialize engine version: 2020.3.15f2 (6cf78cb77498)
[Subsystems] Discovering subsystems at path C:/Program Files/Unity/Hub/Editor/2020.3.15f2/Editor/Data/Resources/UnitySubsystems
[Subsystems] Discovering subsystems at path C:/Users/Usuario/Documents/GitHub/Trabajo Practico IA/TP-IA-2/TP IA Steering/Assets
GfxDevice: creating device client; threaded=0
Direct3D:
    Version:  Direct3D 11.0 [level 11.1]
    Renderer: AMD Radeon(TM) RX Vega 11 Graphics (ID=0x15d8)
    Vendor:   
    VRAM:     7134 MB
    Driver:   30.0.13014.8
Initialize mono
Mono path[0] = 'C:/Program Files/Unity/Hub/Editor/2020.3.15f2/Editor/Data/Managed'
Mono path[1] = 'C:/Program Files/Unity/Hub/Editor/2020.3.15f2/Editor/Data/MonoBleedingEdge/lib/mono/unityjit'
Mono config path = 'C:/Program Files/Unity/Hub/Editor/2020.3.15f2/Editor/Data/MonoBleedingEdge/etc'
Using monoOptions --debugger-agent=transport=dt_socket,embedding=1,server=y,suspend=n,address=127.0.0.1:56336
Begin MonoManager ReloadAssembly
Registering precompiled unity dll's ...
Register platform support module: C:/Program Files/Unity/Hub/Editor/2020.3.15f2/Editor/Data/PlaybackEngines/WindowsStandaloneSupport/UnityEditor.WindowsStandalone.Extensions.dll
Registered in 0.003130 seconds.
Native extension for WindowsStandalone target not found
Refreshing native plugins compatible for Editor in 35.67 ms, found 2 plugins.
Preloading 0 native plugins for Editor in 0.00 ms.
Mono: successfully reloaded assembly
- Completed reload, in  1.522 seconds
Domain Reload Profiling:
	ReloadAssembly (1522ms)
		BeginReloadAssembly (66ms)
			ExecutionOrderSort (0ms)
			DisableScriptedObjects (0ms)
			BackupInstance (0ms)
			ReleaseScriptingObjects (0ms)
			CreateAndSetChildDomain (1ms)
		EndReloadAssembly (539ms)
			LoadAssemblies (64ms)
			RebuildTransferFunctionScriptingTraits (0ms)
			SetupTypeCache (194ms)
			ReleaseScriptCaches (0ms)
			RebuildScriptCaches (36ms)
			SetupLoadedEditorAssemblies (209ms)
				LogAssemblyErrors (0ms)
				InitializePlatformSupportModulesInManaged (4ms)
				SetLoadedEditorAssemblies (0ms)
				RefreshPlugins (36ms)
				BeforeProcessingInitializeOnLoad (16ms)
				ProcessInitializeOnLoadAttributes (113ms)
				ProcessInitializeOnLoadMethodAttributes (39ms)
				AfterProcessingInitializeOnLoad (0ms)
				EditorAssembliesLoaded (0ms)
			ExecutionOrderSort2 (0ms)
			AwakeInstancesAfterBackupRestoration (0ms)
Platform modules already initialized, skipping
Registering precompiled user dll's ...
Registered in 0.006140 seconds.
Begin MonoManager ReloadAssembly
Native extension for WindowsStandalone target not found
Refreshing native plugins compatible for Editor in 0.43 ms, found 2 plugins.
Preloading 0 native plugins for Editor in 0.00 ms.
Mono: successfully reloaded assembly
- Completed reload, in  1.325 seconds
Domain Reload Profiling:
	ReloadAssembly (1326ms)
		BeginReloadAssembly (174ms)
			ExecutionOrderSort (0ms)
			DisableScriptedObjects (6ms)
			BackupInstance (0ms)
			ReleaseScriptingObjects (0ms)
			CreateAndSetChildDomain (20ms)
		EndReloadAssembly (1072ms)
			LoadAssemblies (109ms)
			RebuildTransferFunctionScriptingTraits (0ms)
			SetupTypeCache (361ms)
			ReleaseScriptCaches (0ms)
			RebuildScriptCaches (60ms)
			SetupLoadedEditorAssemblies (402ms)
				LogAssemblyErrors (0ms)
				InitializePlatformSupportModulesInManaged (7ms)
				SetLoadedEditorAssemblies (1ms)
				RefreshPlugins (1ms)
				BeforeProcessingInitializeOnLoad (104ms)
				ProcessInitializeOnLoadAttributes (265ms)
				ProcessInitializeOnLoadMethodAttributes (14ms)
				AfterProcessingInitializeOnLoad (10ms)
				EditorAssembliesLoaded (0ms)
			ExecutionOrderSort2 (0ms)
			AwakeInstancesAfterBackupRestoration (8ms)
Platform modules already initialized, skipping
========================================================================
Worker process is ready to serve import requests
Launched and connected shader compiler UnityShaderCompiler.exe after 0.08 seconds
Refreshing native plugins compatible for Editor in 0.43 ms, found 2 plugins.
Preloading 0 native plugins for Editor in 0.00 ms.
Unloading 1552 Unused Serialized files (Serialized files now loaded: 0)
System memory in use before: 70.8 MB.
System memory in use after: 70.9 MB.

Unloading 19 unused Assets to reduce memory usage. Loaded Objects now: 1990.
Total: 2.391100 ms (FindLiveObjects: 0.179200 ms CreateObjectMapping: 0.035900 ms MarkObjects: 2.097800 ms  DeleteObjects: 0.076900 ms)

AssetImportParameters requested are different than current active one (requested -> active):
  custom:framework-win-MediaFoundation: 216162199b28c13a410421893ffa2e32 -> 
  custom:video-decoder-ogg-theora: a1e56fd34408186e4bbccfd4996cb3dc -> 
  custom:container-muxer-webm: aa71ff27fc2769a1b78a27578f13a17b -> 
  custom:container-demuxer-webm: 4f35f7cbe854078d1ac9338744f61a02 -> 
  custom:container-demuxer-ogg: 62fdf1f143b41e24485cea50d1cbac27 -> 
  custom:video-encoder-webm-vp8: eb34c28f22e8b96e1ab97ce403110664 -> 
  custom:video-decoder-webm-vp8: 9c59270c3fd7afecdb556c50c9e8de78 -> 
  custom:audio-decoder-ogg-vorbis: bf7c407c2cedff20999df2af8eb42d56 -> 
  custom:audio-encoder-webm-vorbis: bf7c407c2cedff20999df2af8eb42d56 -> 
========================================================================
Received Import Request.
  path: Assets/Prefabs/Enemy.prefab
  artifactKey: Guid(2eb21cd08727f80419248815633dc6ef) Importer(815301076,1909f56bfc062723c751e8b465ee728b)
Start importing Assets/Prefabs/Enemy.prefab using Guid(2eb21cd08727f80419248815633dc6ef) Importer(815301076,1909f56bfc062723c751e8b465ee728b)  -> (artifact id: '19a39ea3d7b1d610db600153bbcd9819') in 0.124004 seconds 
  Import took 0.127785 seconds .

========================================================================
Received Import Request.
  Time since last request: 0.000290 seconds.
  path: Assets/Prefabs/Player.prefab
  artifactKey: Guid(64338d9be3e41f94aadd4dda4499672e) Importer(815301076,1909f56bfc062723c751e8b465ee728b)
Start importing Assets/Prefabs/Player.prefab using Guid(64338d9be3e41f94aadd4dda4499672e) Importer(815301076,1909f56bfc062723c751e8b465ee728b)  -> (artifact id: '2b2a38281431f921e4205177a00f5f6d') in 0.025757 seconds 
  Import took 0.029092 seconds .

========================================================================
Received Import Request.
  Time since last request: 0.000182 seconds.
  path: Assets/Prefabs/StModel.prefab
  artifactKey: Guid(b8076bc00244b6144be1ed1bef12c2f4) Importer(815301076,1909f56bfc062723c751e8b465ee728b)
Start importing Assets/Prefabs/StModel.prefab using Guid(b8076bc00244b6144be1ed1bef12c2f4) Importer(815301076,1909f56bfc062723c751e8b465ee728b)  -> (artifact id: '7c96d2c934176dc5bd913c37f7737102') in 0.019900 seconds 
  Import took 0.022734 seconds .

========================================================================
Received Import Request.
  Time since last request: 2.839831 seconds.
  path: Assets/Prefabs/Bullet.prefab
  artifactKey: Guid(6942a6a7714cd214799f148128574006) Importer(815301076,1909f56bfc062723c751e8b465ee728b)
Start importing Assets/Prefabs/Bullet.prefab using Guid(6942a6a7714cd214799f148128574006) Importer(815301076,1909f56bfc062723c751e8b465ee728b)  -> (artifact id: 'd9c5af60f9cbc14a2002c13ea4515c2a') in 0.018167 seconds 
  Import took 0.021409 seconds .

========================================================================
Received Import Request.
  Time since last request: 0.017591 seconds.
  path: Assets/Prefabs/Bullet.prefab
  artifactKey: Guid(6942a6a7714cd214799f148128574006) Importer(815301076,1909f56bfc062723c751e8b465ee728b)
Start importing Assets/Prefabs/Bullet.prefab using Guid(6942a6a7714cd214799f148128574006) Importer(815301076,1909f56bfc062723c751e8b465ee728b)  -> (artifact id: 'd9c5af60f9cbc14a2002c13ea4515c2a') in 0.028421 seconds 
  Import took 0.031769 seconds .

========================================================================
Received Import Request.
  Time since last request: 6.142621 seconds.
  path: Assets/Prefabs/EnemyBullet.prefab
  artifactKey: Guid(107e5e767f04a5d4d9116f4f9902fa59) Importer(815301076,1909f56bfc062723c751e8b465ee728b)
Start importing Assets/Prefabs/EnemyBullet.prefab using Guid(107e5e767f04a5d4d9116f4f9902fa59) Importer(815301076,1909f56bfc062723c751e8b465ee728b)  -> (artifact id: 'ec8aa71c3c503e856e8a1c27af99ab64') in 0.017213 seconds 
  Import took 0.021132 seconds .

========================================================================
Received Import Request.
  Time since last request: 0.017058 seconds.
  path: Assets/Prefabs/EnemyBullet.prefab
  artifactKey: Guid(107e5e767f04a5d4d9116f4f9902fa59) Importer(815301076,1909f56bfc062723c751e8b465ee728b)
Start importing Assets/Prefabs/EnemyBullet.prefab using Guid(107e5e767f04a5d4d9116f4f9902fa59) Importer(815301076,1909f56bfc062723c751e8b465ee728b)  -> (artifact id: 'ec8aa71c3c503e856e8a1c27af99ab64') in 0.030987 seconds 
  Import took 0.034663 seconds .

========================================================================
Received Import Request.
  Time since last request: 8.070417 seconds.
  path: Assets/Prefabs/Player.prefab
  artifactKey: Guid(64338d9be3e41f94aadd4dda4499672e) Importer(815301076,1909f56bfc062723c751e8b465ee728b)
Start importing Assets/Prefabs/Player.prefab using Guid(64338d9be3e41f94aadd4dda4499672e) Importer(815301076,1909f56bfc062723c751e8b465ee728b)  -> (artifact id: 'd6d01f14e2a6179e945aaa544c9b54ec') in 0.021800 seconds 
  Import took 0.029577 seconds .

========================================================================
Received Import Request.
  Time since last request: 0.008401 seconds.
  path: Assets/Prefabs/Player.prefab
  artifactKey: Guid(64338d9be3e41f94aadd4dda4499672e) Importer(815301076,1909f56bfc062723c751e8b465ee728b)
Start importing Assets/Prefabs/Player.prefab using Guid(64338d9be3e41f94aadd4dda4499672e) Importer(815301076,1909f56bfc062723c751e8b465ee728b)  -> (artifact id: 'd6d01f14e2a6179e945aaa544c9b54ec') in 0.024992 seconds 
  Import took 0.029244 seconds .

========================================================================
Received Import Request.
  Time since last request: 5.387842 seconds.
  path: Assets/Prefabs/Player.prefab
  artifactKey: Guid(64338d9be3e41f94aadd4dda4499672e) Importer(815301076,1909f56bfc062723c751e8b465ee728b)
Start importing Assets/Prefabs/Player.prefab using Guid(64338d9be3e41f94aadd4dda4499672e) Importer(815301076,1909f56bfc062723c751e8b465ee728b)  -> (artifact id: '845559766d7064373e3e71fee680db0f') in 0.016943 seconds 
  Import took 0.022623 seconds .

========================================================================
Received Import Request.
  Time since last request: 0.014979 seconds.
  path: Assets/Prefabs/Player.prefab
  artifactKey: Guid(64338d9be3e41f94aadd4dda4499672e) Importer(815301076,1909f56bfc062723c751e8b465ee728b)
Start importing Assets/Prefabs/Player.prefab using Guid(64338d9be3e41f94aadd4dda4499672e) Importer(815301076,1909f56bfc062723c751e8b465ee728b)  -> (artifact id: '845559766d7064373e3e71fee680db0f') in 0.027022 seconds 
  Import took 0.031480 seconds .

========================================================================
Received Prepare
Registering precompiled user dll's ...
Registered in 0.020113 seconds.
Begin MonoManager ReloadAssembly
Native extension for WindowsStandalone target not found
Refreshing native plugins compatible for Editor in 0.40 ms, found 2 plugins.
Preloading 0 native plugins for Editor in 0.00 ms.
Mono: successfully reloaded assembly
- Completed reload, in  1.248 seconds
Domain Reload Profiling:
	ReloadAssembly (1249ms)
		BeginReloadAssembly (132ms)
			ExecutionOrderSort (0ms)
			DisableScriptedObjects (6ms)
			BackupInstance (0ms)
			ReleaseScriptingObjects (0ms)
			CreateAndSetChildDomain (37ms)
		EndReloadAssembly (1025ms)
			LoadAssemblies (175ms)
			RebuildTransferFunctionScriptingTraits (0ms)
			SetupTypeCache (333ms)
			ReleaseScriptCaches (1ms)
			RebuildScriptCaches (52ms)
			SetupLoadedEditorAssemblies (349ms)
				LogAssemblyErrors (0ms)
				InitializePlatformSupportModulesInManaged (6ms)
				SetLoadedEditorAssemblies (0ms)
				RefreshPlugins (0ms)
				BeforeProcessingInitializeOnLoad (85ms)
				ProcessInitializeOnLoadAttributes (234ms)
				ProcessInitializeOnLoadMethodAttributes (12ms)
				AfterProcessingInitializeOnLoad (11ms)
				EditorAssembliesLoaded (0ms)
			ExecutionOrderSort2 (0ms)
			AwakeInstancesAfterBackupRestoration (11ms)
Platform modules already initialized, skipping
Refreshing native plugins compatible for Editor in 0.45 ms, found 2 plugins.
Preloading 0 native plugins for Editor in 0.00 ms.
Unloading 1546 Unused Serialized files (Serialized files now loaded: 0)
System memory in use before: 73.9 MB.
System memory in use after: 74.0 MB.

Unloading 15 unused Assets to reduce memory usage. Loaded Objects now: 2004.
Total: 2.922300 ms (FindLiveObjects: 0.329000 ms CreateObjectMapping: 0.049200 ms MarkObjects: 2.500600 ms  DeleteObjects: 0.040500 ms)

AssetImportParameters requested are different than current active one (requested -> active):
  custom:framework-win-MediaFoundation: 216162199b28c13a410421893ffa2e32 -> 
  custom:video-decoder-ogg-theora: a1e56fd34408186e4bbccfd4996cb3dc -> 
  custom:container-muxer-webm: aa71ff27fc2769a1b78a27578f13a17b -> 
  custom:container-demuxer-webm: 4f35f7cbe854078d1ac9338744f61a02 -> 
  custom:container-demuxer-ogg: 62fdf1f143b41e24485cea50d1cbac27 -> 
  custom:video-encoder-webm-vp8: eb34c28f22e8b96e1ab97ce403110664 -> 
  custom:video-decoder-webm-vp8: 9c59270c3fd7afecdb556c50c9e8de78 -> 
  custom:audio-decoder-ogg-vorbis: bf7c407c2cedff20999df2af8eb42d56 -> 
  custom:audio-encoder-webm-vorbis: bf7c407c2cedff20999df2af8eb42d56 -> 
========================================================================
Received Import Request.
  Time since last request: 399.308130 seconds.
  path: Assets/Materials/Grey.mat
  artifactKey: Guid(db947d7dd5418a143b348b7b3efb07c4) Importer(815301076,1909f56bfc062723c751e8b465ee728b)
Start importing Assets/Materials/Grey.mat using Guid(db947d7dd5418a143b348b7b3efb07c4) Importer(815301076,1909f56bfc062723c751e8b465ee728b)  -> (artifact id: '446e6f8d81e742fa5ebc802ace8a5574') in 0.094712 seconds 
  Import took 0.098736 seconds .

AssetImportWorkerClient::OnTransportError - code=2 error=End of file
